# JRE version: OpenJDK Runtime Environment Temurin-21.0.6+7 (21.0.6+7) (build 21.0.6+7-LTS)
# Java VM: OpenJDK 64-Bit Server VM Temurin-21.0.6+7 (21.0.6+7-LTS, mixed mode, sharing, tiered, compressed oops, compressed class ptrs, parallel gc, windows-amd64)
GC Precious Log:
 CardTable entry size: 512
 CPUs: 16 total, 16 available
 Memory: 32679M
 Large Page Support: Disabled
 NUMA Support: Disabled
 Compressed Oops: Enabled (32-bit)
 Alignments: Space 512K, Generation 512K, Heap 2M
 Heap Min Capacity: 100M
 Heap Initial Capacity: 100M
 Heap Max Capacity: 1G
 Pre-touch: Disabled
 Parallel Workers: 13
Heap:
 PSYoungGen      total 22016K, used 8439K [0x00000000eab00000, 0x00000000eca00000, 0x0000000100000000)
  eden space 20480K, 33% used [0x00000000eab00000,0x00000000eb1c2300,0x00000000ebf00000)
  from space 1536K, 98% used [0x00000000ebf00000,0x00000000ec07bc50,0x00000000ec080000)
  to   space 5632K, 0% used [0x00000000ec480000,0x00000000ec480000,0x00000000eca00000)
 ParOldGen       total 68608K, used 22562K [0x00000000c0000000, 0x00000000c4300000, 0x00000000eab00000)
  object space 68608K, 32% used [0x00000000c0000000,0x00000000c16088e0,0x00000000c4300000)
 Metaspace       used 40730K, committed 41856K, reserved 1114112K
  class space    used 4182K, committed 4672K, reserved 1048576K
GC Heap History (20 events):
Event: 9.740 GC heap before
{Heap before GC invocations=8 (full 1):
 PSYoungGen      total 29184K, used 4396K [0x00000000eab00000, 0x00000000ecc00000, 0x0000000100000000)
  eden space 24576K, 0% used [0x00000000eab00000,0x00000000eab00000,0x00000000ec300000)
  from space 4608K, 95% used [0x00000000ec400000,0x00000000ec84b068,0x00000000ec880000)
  to   space 3584K, 0% used [0x00000000ec880000,0x00000000ec880000,0x00000000ecc00000)
 ParOldGen       total 68608K, used 9868K [0x00000000c0000000, 0x00000000c4300000, 0x00000000eab00000)
  object space 68608K, 14% used [0x00000000c0000000,0x00000000c09a3358,0x00000000c4300000)
 Metaspace       used 20749K, committed 21504K, reserved 1114112K
  class space    used 2080K, committed 2368K, reserved 1048576K
}
Event: 9.774 GC heap after
{Heap after GC invocations=8 (full 1):
 PSYoungGen      total 29184K, used 0K [0x00000000eab00000, 0x00000000ecc00000, 0x0000000100000000)
  eden space 24576K, 0% used [0x00000000eab00000,0x00000000eab00000,0x00000000ec300000)
  from space 4608K, 0% used [0x00000000ec400000,0x00000000ec400000,0x00000000ec880000)
  to   space 3584K, 0% used [0x00000000ec880000,0x00000000ec880000,0x00000000ecc00000)
 ParOldGen       total 68608K, used 13268K [0x00000000c0000000, 0x00000000c4300000, 0x00000000eab00000)
  object space 68608K, 19% used [0x00000000c0000000,0x00000000c0cf5060,0x00000000c4300000)
 Metaspace       used 20736K, committed 21504K, reserved 1114112K
  class space    used 2076K, committed 2368K, reserved 1048576K
}
Event: 9.945 GC heap before
{Heap before GC invocations=9 (full 1):
 PSYoungGen      total 29184K, used 24529K [0x00000000eab00000, 0x00000000ecc00000, 0x0000000100000000)
  eden space 24576K, 99% used [0x00000000eab00000,0x00000000ec2f4540,0x00000000ec300000)
  from space 4608K, 0% used [0x00000000ec400000,0x00000000ec400000,0x00000000ec880000)
  to   space 3584K, 0% used [0x00000000ec880000,0x00000000ec880000,0x00000000ecc00000)
 ParOldGen       total 68608K, used 13268K [0x00000000c0000000, 0x00000000c4300000, 0x00000000eab00000)
  object space 68608K, 19% used [0x00000000c0000000,0x00000000c0cf5060,0x00000000c4300000)
 Metaspace       used 23224K, committed 24000K, reserved 1114112K
  class space    used 2237K, committed 2560K, reserved 1048576K
}
Event: 9.946 GC heap after
{Heap after GC invocations=9 (full 1):
 PSYoungGen      total 25088K, used 942K [0x00000000eab00000, 0x00000000ec980000, 0x0000000100000000)
  eden space 24064K, 0% used [0x00000000eab00000,0x00000000eab00000,0x00000000ec280000)
  from space 1024K, 92% used [0x00000000ec880000,0x00000000ec96bba8,0x00000000ec980000)
  to   space 2560K, 0% used [0x00000000ec480000,0x00000000ec480000,0x00000000ec700000)
 ParOldGen       total 68608K, used 13276K [0x00000000c0000000, 0x00000000c4300000, 0x00000000eab00000)
  object space 68608K, 19% used [0x00000000c0000000,0x00000000c0cf7060,0x00000000c4300000)
 Metaspace       used 23224K, committed 24000K, reserved 1114112K
  class space    used 2237K, committed 2560K, reserved 1048576K
}
Event: 10.201 GC heap before
{Heap before GC invocations=10 (full 1):
 PSYoungGen      total 25088K, used 25006K [0x00000000eab00000, 0x00000000ec980000, 0x0000000100000000)
  eden space 24064K, 100% used [0x00000000eab00000,0x00000000ec280000,0x00000000ec280000)
  from space 1024K, 92% used [0x00000000ec880000,0x00000000ec96bba8,0x00000000ec980000)
  to   space 2560K, 0% used [0x00000000ec480000,0x00000000ec480000,0x00000000ec700000)
 ParOldGen       total 68608K, used 13276K [0x00000000c0000000, 0x00000000c4300000, 0x00000000eab00000)
  object space 68608K, 19% used [0x00000000c0000000,0x00000000c0cf7060,0x00000000c4300000)
 Metaspace       used 26422K, committed 27200K, reserved 1114112K
  class space    used 2478K, committed 2752K, reserved 1048576K
}
Event: 10.202 GC heap after
{Heap after GC invocations=10 (full 1):
 PSYoungGen      total 26112K, used 2537K [0x00000000eab00000, 0x00000000ec900000, 0x0000000100000000)
  eden space 23552K, 0% used [0x00000000eab00000,0x00000000eab00000,0x00000000ec200000)
  from space 2560K, 99% used [0x00000000ec480000,0x00000000ec6fa4a0,0x00000000ec700000)
  to   space 2048K, 0% used [0x00000000ec700000,0x00000000ec700000,0x00000000ec900000)
 ParOldGen       total 68608K, used 13284K [0x00000000c0000000, 0x00000000c4300000, 0x00000000eab00000)
  object space 68608K, 19% used [0x00000000c0000000,0x00000000c0cf9060,0x00000000c4300000)
 Metaspace       used 26422K, committed 27200K, reserved 1114112K
  class space    used 2478K, committed 2752K, reserved 1048576K
}
Event: 10.493 GC heap before
{Heap before GC invocations=11 (full 1):
 PSYoungGen      total 26112K, used 26089K [0x00000000eab00000, 0x00000000ec900000, 0x0000000100000000)
  eden space 23552K, 100% used [0x00000000eab00000,0x00000000ec200000,0x00000000ec200000)
  from space 2560K, 99% used [0x00000000ec480000,0x00000000ec6fa4a0,0x00000000ec700000)
  to   space 2048K, 0% used [0x00000000ec700000,0x00000000ec700000,0x00000000ec900000)
 ParOldGen       total 68608K, used 13284K [0x00000000c0000000, 0x00000000c4300000, 0x00000000eab00000)
  object space 68608K, 19% used [0x00000000c0000000,0x00000000c0cf9060,0x00000000c4300000)
 Metaspace       used 28683K, committed 29504K, reserved 1114112K
  class space    used 2678K, committed 3008K, reserved 1048576K
}
Event: 10.495 GC heap after
{Heap after GC invocations=11 (full 1):
 PSYoungGen      total 25088K, used 2025K [0x00000000eab00000, 0x00000000ec980000, 0x0000000100000000)
  eden space 23040K, 0% used [0x00000000eab00000,0x00000000eab00000,0x00000000ec180000)
  from space 2048K, 98% used [0x00000000ec700000,0x00000000ec8fa7e0,0x00000000ec900000)
  to   space 4096K, 0% used [0x00000000ec180000,0x00000000ec180000,0x00000000ec580000)
 ParOldGen       total 68608K, used 14676K [0x00000000c0000000, 0x00000000c4300000, 0x00000000eab00000)
  object space 68608K, 21% used [0x00000000c0000000,0x00000000c0e552e0,0x00000000c4300000)
 Metaspace       used 28683K, committed 29504K, reserved 1114112K
  class space    used 2678K, committed 3008K, reserved 1048576K
}
Event: 10.758 GC heap before
{Heap before GC invocations=12 (full 1):
 PSYoungGen      total 25088K, used 25065K [0x00000000eab00000, 0x00000000ec980000, 0x0000000100000000)
  eden space 23040K, 100% used [0x00000000eab00000,0x00000000ec180000,0x00000000ec180000)
  from space 2048K, 98% used [0x00000000ec700000,0x00000000ec8fa7e0,0x00000000ec900000)
  to   space 4096K, 0% used [0x00000000ec180000,0x00000000ec180000,0x00000000ec580000)
 ParOldGen       total 68608K, used 14676K [0x00000000c0000000, 0x00000000c4300000, 0x00000000eab00000)
  object space 68608K, 21% used [0x00000000c0000000,0x00000000c0e552e0,0x00000000c4300000)
 Metaspace       used 31754K, committed 32704K, reserved 1114112K
  class space    used 3023K, committed 3392K, reserved 1048576K
}
Event: 10.760 GC heap after
{Heap after GC invocations=12 (full 1):
 PSYoungGen      total 25088K, used 2097K [0x00000000eab00000, 0x00000000ec780000, 0x0000000100000000)
  eden space 22528K, 0% used [0x00000000eab00000,0x00000000eab00000,0x00000000ec100000)
  from space 2560K, 81% used [0x00000000ec180000,0x00000000ec38c5c0,0x00000000ec400000)
  to   space 3072K, 0% used [0x00000000ec480000,0x00000000ec480000,0x00000000ec780000)
 ParOldGen       total 68608K, used 16712K [0x00000000c0000000, 0x00000000c4300000, 0x00000000eab00000)
  object space 68608K, 24% used [0x00000000c0000000,0x00000000c10520e8,0x00000000c4300000)
 Metaspace       used 31754K, committed 32704K, reserved 1114112K
  class space    used 3023K, committed 3392K, reserved 1048576K
}
Event: 10.924 GC heap before
{Heap before GC invocations=13 (full 1):
 PSYoungGen      total 25088K, used 24625K [0x00000000eab00000, 0x00000000ec780000, 0x0000000100000000)
  eden space 22528K, 100% used [0x00000000eab00000,0x00000000ec100000,0x00000000ec100000)
  from space 2560K, 81% used [0x00000000ec180000,0x00000000ec38c5c0,0x00000000ec400000)
  to   space 3072K, 0% used [0x00000000ec480000,0x00000000ec480000,0x00000000ec780000)
 ParOldGen       total 68608K, used 16712K [0x00000000c0000000, 0x00000000c4300000, 0x00000000eab00000)
  object space 68608K, 24% used [0x00000000c0000000,0x00000000c10520e8,0x00000000c4300000)
 Metaspace       used 34562K, committed 35648K, reserved 1114112K
  class space    used 3396K, committed 3840K, reserved 1048576K
}
Event: 10.927 GC heap after
{Heap after GC invocations=13 (full 1):
 PSYoungGen      total 23552K, used 3051K [0x00000000eab00000, 0x00000000ecb80000, 0x0000000100000000)
  eden space 20480K, 0% used [0x00000000eab00000,0x00000000eab00000,0x00000000ebf00000)
  from space 3072K, 99% used [0x00000000ec480000,0x00000000ec77af48,0x00000000ec780000)
  to   space 5632K, 0% used [0x00000000ebf00000,0x00000000ebf00000,0x00000000ec480000)
 ParOldGen       total 68608K, used 18578K [0x00000000c0000000, 0x00000000c4300000, 0x00000000eab00000)
  object space 68608K, 27% used [0x00000000c0000000,0x00000000c12249d0,0x00000000c4300000)
 Metaspace       used 34562K, committed 35648K, reserved 1114112K
  class space    used 3396K, committed 3840K, reserved 1048576K
}
Event: 10.966 GC heap before
{Heap before GC invocations=14 (full 1):
 PSYoungGen      total 23552K, used 9363K [0x00000000eab00000, 0x00000000ecb80000, 0x0000000100000000)
  eden space 20480K, 30% used [0x00000000eab00000,0x00000000eb129e98,0x00000000ebf00000)
  from space 3072K, 99% used [0x00000000ec480000,0x00000000ec77af48,0x00000000ec780000)
  to   space 5632K, 0% used [0x00000000ebf00000,0x00000000ebf00000,0x00000000ec480000)
 ParOldGen       total 68608K, used 18578K [0x00000000c0000000, 0x00000000c4300000, 0x00000000eab00000)
  object space 68608K, 27% used [0x00000000c0000000,0x00000000c12249d0,0x00000000c4300000)
 Metaspace       used 34838K, committed 35840K, reserved 1114112K
  class space    used 3431K, committed 3840K, reserved 1048576K
}
Event: 10.967 GC heap after
{Heap after GC invocations=14 (full 1):
 PSYoungGen      total 22016K, used 1120K [0x00000000eab00000, 0x00000000ec580000, 0x0000000100000000)
  eden space 20480K, 0% used [0x00000000eab00000,0x00000000eab00000,0x00000000ebf00000)
  from space 1536K, 72% used [0x00000000ebf00000,0x00000000ec018000,0x00000000ec080000)
  to   space 2560K, 0% used [0x00000000ec300000,0x00000000ec300000,0x00000000ec580000)
 ParOldGen       total 68608K, used 19421K [0x00000000c0000000, 0x00000000c4300000, 0x00000000eab00000)
  object space 68608K, 28% used [0x00000000c0000000,0x00000000c12f75a0,0x00000000c4300000)
 Metaspace       used 34838K, committed 35840K, reserved 1114112K
  class space    used 3431K, committed 3840K, reserved 1048576K
}
Event: 10.967 GC heap before
{Heap before GC invocations=15 (full 2):
 PSYoungGen      total 22016K, used 1120K [0x00000000eab00000, 0x00000000ec580000, 0x0000000100000000)
  eden space 20480K, 0% used [0x00000000eab00000,0x00000000eab00000,0x00000000ebf00000)
  from space 1536K, 72% used [0x00000000ebf00000,0x00000000ec018000,0x00000000ec080000)
  to   space 2560K, 0% used [0x00000000ec300000,0x00000000ec300000,0x00000000ec580000)
 ParOldGen       total 68608K, used 19421K [0x00000000c0000000, 0x00000000c4300000, 0x00000000eab00000)
  object space 68608K, 28% used [0x00000000c0000000,0x00000000c12f75a0,0x00000000c4300000)
 Metaspace       used 34838K, committed 35840K, reserved 1114112K
  class space    used 3431K, committed 3840K, reserved 1048576K
}
Event: 10.994 GC heap after
{Heap after GC invocations=15 (full 2):
 PSYoungGen      total 22016K, used 0K [0x00000000eab00000, 0x00000000ec580000, 0x0000000100000000)
  eden space 20480K, 0% used [0x00000000eab00000,0x00000000eab00000,0x00000000ebf00000)
  from space 1536K, 0% used [0x00000000ebf00000,0x00000000ebf00000,0x00000000ec080000)
  to   space 2560K, 0% used [0x00000000ec300000,0x00000000ec300000,0x00000000ec580000)
 ParOldGen       total 68608K, used 19518K [0x00000000c0000000, 0x00000000c4300000, 0x00000000eab00000)
  object space 68608K, 28% used [0x00000000c0000000,0x00000000c130f950,0x00000000c4300000)
 Metaspace       used 34838K, committed 35840K, reserved 1114112K
  class space    used 3431K, committed 3840K, reserved 1048576K
}
Event: 11.173 GC heap before
{Heap before GC invocations=16 (full 2):
 PSYoungGen      total 22016K, used 20432K [0x00000000eab00000, 0x00000000ec580000, 0x0000000100000000)
  eden space 20480K, 99% used [0x00000000eab00000,0x00000000ebef4160,0x00000000ebf00000)
  from space 1536K, 0% used [0x00000000ebf00000,0x00000000ebf00000,0x00000000ec080000)
  to   space 2560K, 0% used [0x00000000ec300000,0x00000000ec300000,0x00000000ec580000)
 ParOldGen       total 68608K, used 19518K [0x00000000c0000000, 0x00000000c4300000, 0x00000000eab00000)
  object space 68608K, 28% used [0x00000000c0000000,0x00000000c130f950,0x00000000c4300000)
 Metaspace       used 38320K, committed 39424K, reserved 1114112K
  class space    used 3866K, committed 4352K, reserved 1048576K
}
Event: 11.175 GC heap after
{Heap after GC invocations=16 (full 2):
 PSYoungGen      total 22016K, used 1053K [0x00000000eab00000, 0x00000000ec480000, 0x0000000100000000)
  eden space 20480K, 0% used [0x00000000eab00000,0x00000000eab00000,0x00000000ebf00000)
  from space 1536K, 68% used [0x00000000ec300000,0x00000000ec4074f8,0x00000000ec480000)
  to   space 1536K, 0% used [0x00000000ebf00000,0x00000000ebf00000,0x00000000ec080000)
 ParOldGen       total 68608K, used 19526K [0x00000000c0000000, 0x00000000c4300000, 0x00000000eab00000)
  object space 68608K, 28% used [0x00000000c0000000,0x00000000c1311950,0x00000000c4300000)
 Metaspace       used 38320K, committed 39424K, reserved 1114112K
  class space    used 3866K, committed 4352K, reserved 1048576K
}
Event: 11.475 GC heap before
{Heap before GC invocations=17 (full 2):
 PSYoungGen      total 22016K, used 21533K [0x00000000eab00000, 0x00000000ec480000, 0x0000000100000000)
  eden space 20480K, 100% used [0x00000000eab00000,0x00000000ebf00000,0x00000000ebf00000)
  from space 1536K, 68% used [0x00000000ec300000,0x00000000ec4074f8,0x00000000ec480000)
  to   space 1536K, 0% used [0x00000000ebf00000,0x00000000ebf00000,0x00000000ec080000)
 ParOldGen       total 68608K, used 19526K [0x00000000c0000000, 0x00000000c4300000, 0x00000000eab00000)
  object space 68608K, 28% used [0x00000000c0000000,0x00000000c1311950,0x00000000c4300000)
 Metaspace       used 40319K, committed 41408K, reserved 1114112K
  class space    used 4130K, committed 4608K, reserved 1048576K
}
Event: 11.485 GC heap after
{Heap after GC invocations=17 (full 2):
 PSYoungGen      total 22016K, used 1519K [0x00000000eab00000, 0x00000000eca00000, 0x0000000100000000)
  eden space 20480K, 0% used [0x00000000eab00000,0x00000000eab00000,0x00000000ebf00000)
  from space 1536K, 98% used [0x00000000ebf00000,0x00000000ec07bc50,0x00000000ec080000)
  to   space 5632K, 0% used [0x00000000ec480000,0x00000000ec480000,0x00000000eca00000)
 ParOldGen       total 68608K, used 22562K [0x00000000c0000000, 0x00000000c4300000, 0x00000000eab00000)
  object space 68608K, 32% used [0x00000000c0000000,0x00000000c16088e0,0x00000000c4300000)
 Metaspace       used 40319K, committed 41408K, reserved 1114112K
  class space    used 4130K, committed 4608K, reserved 1048576K
}

