# JRE version: OpenJDK Runtime Environment Temurin-21.0.6+7 (21.0.6+7) (build 21.0.6+7-LTS)
# Java VM: OpenJDK 64-Bit Server VM Temurin-21.0.6+7 (21.0.6+7-LTS, mixed mode, sharing, tiered, compressed oops, compressed class ptrs, parallel gc, windows-amd64)
GC Precious Log:
 CardTable entry size: 512
 CPUs: 16 total, 16 available
 Memory: 32679M
 Large Page Support: Disabled
 NUMA Support: Disabled
 Compressed Oops: Enabled (32-bit)
 Alignments: Space 512K, Generation 512K, Heap 2M
 Heap Min Capacity: 100M
 Heap Initial Capacity: 100M
 Heap Max Capacity: 1G
 Pre-touch: Disabled
 Parallel Workers: 13
Heap:
 PSYoungGen      total 3072K, used 2665K [0x00000000eab00000, 0x00000000eaf00000, 0x0000000100000000)
  eden space 2048K, 99% used [0x00000000eab00000,0x00000000eacff618,0x00000000ead00000)
  from space 1024K, 60% used [0x00000000ead00000,0x00000000ead9b1e0,0x00000000eae00000)
  to   space 1024K, 3% used [0x00000000eae00000,0x00000000eae08000,0x00000000eaf00000)
 ParOldGen       total 351744K, used 351535K [0x00000000c0000000, 0x00000000d5780000, 0x00000000eab00000)
  object space 351744K, 99% used [0x00000000c0000000,0x00000000d574ddc8,0x00000000d5780000)
 Metaspace       used 78006K, committed 79488K, reserved 1179648K
  class space    used 9252K, committed 9920K, reserved 1048576K
GC Heap History (20 events):
Event: 16.639 GC heap before
{Heap before GC invocations=343 (full 3):
 PSYoungGen      total 3072K, used 2921K [0x00000000eab00000, 0x00000000eaf00000, 0x0000000100000000)
  eden space 2048K, 98% used [0x00000000eab00000,0x00000000eacf8dd8,0x00000000ead00000)
  from space 1024K, 88% used [0x00000000ead00000,0x00000000eade1718,0x00000000eae00000)
  to   space 1024K, 0% used [0x00000000eae00000,0x00000000eae00000,0x00000000eaf00000)
 ParOldGen       total 344576K, used 344468K [0x00000000c0000000, 0x00000000d5080000, 0x00000000eab00000)
  object space 344576K, 99% used [0x00000000c0000000,0x00000000d50653d0,0x00000000d5080000)
 Metaspace       used 77616K, committed 79104K, reserved 1179648K
  class space    used 9217K, committed 9856K, reserved 1048576K
}
Event: 16.640 GC heap after
{Heap after GC invocations=343 (full 3):
 PSYoungGen      total 3072K, used 884K [0x00000000eab00000, 0x00000000eaf00000, 0x0000000100000000)
  eden space 2048K, 0% used [0x00000000eab00000,0x00000000eab00000,0x00000000ead00000)
  from space 1024K, 86% used [0x00000000eae00000,0x00000000eaedd228,0x00000000eaf00000)
  to   space 1024K, 0% used [0x00000000ead00000,0x00000000ead00000,0x00000000eae00000)
 ParOldGen       total 345600K, used 345249K [0x00000000c0000000, 0x00000000d5180000, 0x00000000eab00000)
  object space 345600K, 99% used [0x00000000c0000000,0x00000000d5128408,0x00000000d5180000)
 Metaspace       used 77616K, committed 79104K, reserved 1179648K
  class space    used 9217K, committed 9856K, reserved 1048576K
}
Event: 16.651 GC heap before
{Heap before GC invocations=344 (full 3):
 PSYoungGen      total 3072K, used 2908K [0x00000000eab00000, 0x00000000eaf00000, 0x0000000100000000)
  eden space 2048K, 98% used [0x00000000eab00000,0x00000000eacf9e20,0x00000000ead00000)
  from space 1024K, 86% used [0x00000000eae00000,0x00000000eaedd228,0x00000000eaf00000)
  to   space 1024K, 0% used [0x00000000ead00000,0x00000000ead00000,0x00000000eae00000)
 ParOldGen       total 345600K, used 345249K [0x00000000c0000000, 0x00000000d5180000, 0x00000000eab00000)
  object space 345600K, 99% used [0x00000000c0000000,0x00000000d5128408,0x00000000d5180000)
 Metaspace       used 77616K, committed 79104K, reserved 1179648K
  class space    used 9217K, committed 9856K, reserved 1048576K
}
Event: 16.651 GC heap after
{Heap after GC invocations=344 (full 3):
 PSYoungGen      total 3072K, used 1011K [0x00000000eab00000, 0x00000000eb000000, 0x0000000100000000)
  eden space 2048K, 0% used [0x00000000eab00000,0x00000000eab00000,0x00000000ead00000)
  from space 1024K, 98% used [0x00000000ead00000,0x00000000eadfcc40,0x00000000eae00000)
  to   space 1536K, 0% used [0x00000000eae80000,0x00000000eae80000,0x00000000eb000000)
 ParOldGen       total 346112K, used 345908K [0x00000000c0000000, 0x00000000d5200000, 0x00000000eab00000)
  object space 346112K, 99% used [0x00000000c0000000,0x00000000d51cd3b0,0x00000000d5200000)
 Metaspace       used 77616K, committed 79104K, reserved 1179648K
  class space    used 9217K, committed 9856K, reserved 1048576K
}
Event: 16.669 GC heap before
{Heap before GC invocations=345 (full 3):
 PSYoungGen      total 3072K, used 3059K [0x00000000eab00000, 0x00000000eb000000, 0x0000000100000000)
  eden space 2048K, 100% used [0x00000000eab00000,0x00000000ead00000,0x00000000ead00000)
  from space 1024K, 98% used [0x00000000ead00000,0x00000000eadfcc40,0x00000000eae00000)
  to   space 1536K, 0% used [0x00000000eae80000,0x00000000eae80000,0x00000000eb000000)
 ParOldGen       total 346112K, used 345908K [0x00000000c0000000, 0x00000000d5200000, 0x00000000eab00000)
  object space 346112K, 99% used [0x00000000c0000000,0x00000000d51cd3b0,0x00000000d5200000)
 Metaspace       used 77616K, committed 79104K, reserved 1179648K
  class space    used 9217K, committed 9856K, reserved 1048576K
}
Event: 16.670 GC heap after
{Heap after GC invocations=345 (full 3):
 PSYoungGen      total 3072K, used 952K [0x00000000eab00000, 0x00000000eaf80000, 0x0000000100000000)
  eden space 2048K, 0% used [0x00000000eab00000,0x00000000eab00000,0x00000000ead00000)
  from space 1024K, 93% used [0x00000000eae80000,0x00000000eaf6e1f8,0x00000000eaf80000)
  to   space 1024K, 0% used [0x00000000ead00000,0x00000000ead00000,0x00000000eae00000)
 ParOldGen       total 347136K, used 346663K [0x00000000c0000000, 0x00000000d5300000, 0x00000000eab00000)
  object space 347136K, 99% used [0x00000000c0000000,0x00000000d5289cd0,0x00000000d5300000)
 Metaspace       used 77616K, committed 79104K, reserved 1179648K
  class space    used 9217K, committed 9856K, reserved 1048576K
}
Event: 16.681 GC heap before
{Heap before GC invocations=346 (full 3):
 PSYoungGen      total 3072K, used 2999K [0x00000000eab00000, 0x00000000eaf80000, 0x0000000100000000)
  eden space 2048K, 99% used [0x00000000eab00000,0x00000000eacffac0,0x00000000ead00000)
  from space 1024K, 93% used [0x00000000eae80000,0x00000000eaf6e1f8,0x00000000eaf80000)
  to   space 1024K, 0% used [0x00000000ead00000,0x00000000ead00000,0x00000000eae00000)
 ParOldGen       total 347136K, used 346663K [0x00000000c0000000, 0x00000000d5300000, 0x00000000eab00000)
  object space 347136K, 99% used [0x00000000c0000000,0x00000000d5289cd0,0x00000000d5300000)
 Metaspace       used 77616K, committed 79104K, reserved 1179648K
  class space    used 9217K, committed 9856K, reserved 1048576K
}
Event: 16.682 GC heap after
{Heap after GC invocations=346 (full 3):
 PSYoungGen      total 3072K, used 903K [0x00000000eab00000, 0x00000000eaf00000, 0x0000000100000000)
  eden space 2048K, 0% used [0x00000000eab00000,0x00000000eab00000,0x00000000ead00000)
  from space 1024K, 88% used [0x00000000ead00000,0x00000000eade1e30,0x00000000eae00000)
  to   space 1024K, 0% used [0x00000000eae00000,0x00000000eae00000,0x00000000eaf00000)
 ParOldGen       total 347648K, used 347489K [0x00000000c0000000, 0x00000000d5380000, 0x00000000eab00000)
  object space 347648K, 99% used [0x00000000c0000000,0x00000000d5358788,0x00000000d5380000)
 Metaspace       used 77616K, committed 79104K, reserved 1179648K
  class space    used 9217K, committed 9856K, reserved 1048576K
}
Event: 16.684 GC heap before
{Heap before GC invocations=347 (full 3):
 PSYoungGen      total 3072K, used 2951K [0x00000000eab00000, 0x00000000eaf00000, 0x0000000100000000)
  eden space 2048K, 100% used [0x00000000eab00000,0x00000000ead00000,0x00000000ead00000)
  from space 1024K, 88% used [0x00000000ead00000,0x00000000eade1e30,0x00000000eae00000)
  to   space 1024K, 0% used [0x00000000eae00000,0x00000000eae00000,0x00000000eaf00000)
 ParOldGen       total 347648K, used 347489K [0x00000000c0000000, 0x00000000d5380000, 0x00000000eab00000)
  object space 347648K, 99% used [0x00000000c0000000,0x00000000d5358788,0x00000000d5380000)
 Metaspace       used 77616K, committed 79104K, reserved 1179648K
  class space    used 9217K, committed 9856K, reserved 1048576K
}
Event: 16.685 GC heap after
{Heap after GC invocations=347 (full 3):
 PSYoungGen      total 3072K, used 928K [0x00000000eab00000, 0x00000000eaf00000, 0x0000000100000000)
  eden space 2048K, 0% used [0x00000000eab00000,0x00000000eab00000,0x00000000ead00000)
  from space 1024K, 90% used [0x00000000eae00000,0x00000000eaee8140,0x00000000eaf00000)
  to   space 1024K, 0% used [0x00000000ead00000,0x00000000ead00000,0x00000000eae00000)
 ParOldGen       total 348672K, used 348272K [0x00000000c0000000, 0x00000000d5480000, 0x00000000eab00000)
  object space 348672K, 99% used [0x00000000c0000000,0x00000000d541c218,0x00000000d5480000)
 Metaspace       used 77616K, committed 79104K, reserved 1179648K
  class space    used 9217K, committed 9856K, reserved 1048576K
}
Event: 16.691 GC heap before
{Heap before GC invocations=348 (full 3):
 PSYoungGen      total 3072K, used 2976K [0x00000000eab00000, 0x00000000eaf00000, 0x0000000100000000)
  eden space 2048K, 100% used [0x00000000eab00000,0x00000000ead00000,0x00000000ead00000)
  from space 1024K, 90% used [0x00000000eae00000,0x00000000eaee8140,0x00000000eaf00000)
  to   space 1024K, 0% used [0x00000000ead00000,0x00000000ead00000,0x00000000eae00000)
 ParOldGen       total 348672K, used 348272K [0x00000000c0000000, 0x00000000d5480000, 0x00000000eab00000)
  object space 348672K, 99% used [0x00000000c0000000,0x00000000d541c218,0x00000000d5480000)
 Metaspace       used 77616K, committed 79104K, reserved 1179648K
  class space    used 9217K, committed 9856K, reserved 1048576K
}
Event: 16.692 GC heap after
{Heap after GC invocations=348 (full 3):
 PSYoungGen      total 3072K, used 801K [0x00000000eab00000, 0x00000000eaf00000, 0x0000000100000000)
  eden space 2048K, 0% used [0x00000000eab00000,0x00000000eab00000,0x00000000ead00000)
  from space 1024K, 78% used [0x00000000ead00000,0x00000000eadc8748,0x00000000eae00000)
  to   space 1024K, 0% used [0x00000000eae00000,0x00000000eae00000,0x00000000eaf00000)
 ParOldGen       total 349184K, used 349056K [0x00000000c0000000, 0x00000000d5500000, 0x00000000eab00000)
  object space 349184K, 99% used [0x00000000c0000000,0x00000000d54e0240,0x00000000d5500000)
 Metaspace       used 77616K, committed 79104K, reserved 1179648K
  class space    used 9217K, committed 9856K, reserved 1048576K
}
Event: 16.703 GC heap before
{Heap before GC invocations=349 (full 3):
 PSYoungGen      total 3072K, used 2849K [0x00000000eab00000, 0x00000000eaf00000, 0x0000000100000000)
  eden space 2048K, 100% used [0x00000000eab00000,0x00000000ead00000,0x00000000ead00000)
  from space 1024K, 78% used [0x00000000ead00000,0x00000000eadc8748,0x00000000eae00000)
  to   space 1024K, 0% used [0x00000000eae00000,0x00000000eae00000,0x00000000eaf00000)
 ParOldGen       total 349184K, used 349056K [0x00000000c0000000, 0x00000000d5500000, 0x00000000eab00000)
  object space 349184K, 99% used [0x00000000c0000000,0x00000000d54e0240,0x00000000d5500000)
 Metaspace       used 77616K, committed 79104K, reserved 1179648K
  class space    used 9217K, committed 9856K, reserved 1048576K
}
Event: 16.704 GC heap after
{Heap after GC invocations=349 (full 3):
 PSYoungGen      total 3072K, used 736K [0x00000000eab00000, 0x00000000eaf00000, 0x0000000100000000)
  eden space 2048K, 0% used [0x00000000eab00000,0x00000000eab00000,0x00000000ead00000)
  from space 1024K, 71% used [0x00000000eae00000,0x00000000eaeb8000,0x00000000eaf00000)
  to   space 1024K, 0% used [0x00000000ead00000,0x00000000ead00000,0x00000000eae00000)
 ParOldGen       total 349696K, used 349671K [0x00000000c0000000, 0x00000000d5580000, 0x00000000eab00000)
  object space 349696K, 99% used [0x00000000c0000000,0x00000000d5579ed8,0x00000000d5580000)
 Metaspace       used 77616K, committed 79104K, reserved 1179648K
  class space    used 9217K, committed 9856K, reserved 1048576K
}
Event: 16.713 GC heap before
{Heap before GC invocations=350 (full 3):
 PSYoungGen      total 3072K, used 2774K [0x00000000eab00000, 0x00000000eaf00000, 0x0000000100000000)
  eden space 2048K, 99% used [0x00000000eab00000,0x00000000eacfd848,0x00000000ead00000)
  from space 1024K, 71% used [0x00000000eae00000,0x00000000eaeb8000,0x00000000eaf00000)
  to   space 1024K, 0% used [0x00000000ead00000,0x00000000ead00000,0x00000000eae00000)
 ParOldGen       total 349696K, used 349671K [0x00000000c0000000, 0x00000000d5580000, 0x00000000eab00000)
  object space 349696K, 99% used [0x00000000c0000000,0x00000000d5579ed8,0x00000000d5580000)
 Metaspace       used 77616K, committed 79104K, reserved 1179648K
  class space    used 9217K, committed 9856K, reserved 1048576K
}
Event: 16.715 GC heap after
{Heap after GC invocations=350 (full 3):
 PSYoungGen      total 3072K, used 842K [0x00000000eab00000, 0x00000000eaf00000, 0x0000000100000000)
  eden space 2048K, 0% used [0x00000000eab00000,0x00000000eab00000,0x00000000ead00000)
  from space 1024K, 82% used [0x00000000ead00000,0x00000000eadd2a40,0x00000000eae00000)
  to   space 1024K, 0% used [0x00000000eae00000,0x00000000eae00000,0x00000000eaf00000)
 ParOldGen       total 350720K, used 350255K [0x00000000c0000000, 0x00000000d5680000, 0x00000000eab00000)
  object space 350720K, 99% used [0x00000000c0000000,0x00000000d560beb8,0x00000000d5680000)
 Metaspace       used 77616K, committed 79104K, reserved 1179648K
  class space    used 9217K, committed 9856K, reserved 1048576K
}
Event: 16.755 GC heap before
{Heap before GC invocations=351 (full 3):
 PSYoungGen      total 3072K, used 2890K [0x00000000eab00000, 0x00000000eaf00000, 0x0000000100000000)
  eden space 2048K, 100% used [0x00000000eab00000,0x00000000ead00000,0x00000000ead00000)
  from space 1024K, 82% used [0x00000000ead00000,0x00000000eadd2a40,0x00000000eae00000)
  to   space 1024K, 0% used [0x00000000eae00000,0x00000000eae00000,0x00000000eaf00000)
 ParOldGen       total 350720K, used 350255K [0x00000000c0000000, 0x00000000d5680000, 0x00000000eab00000)
  object space 350720K, 99% used [0x00000000c0000000,0x00000000d560beb8,0x00000000d5680000)
 Metaspace       used 77616K, committed 79104K, reserved 1179648K
  class space    used 9217K, committed 9856K, reserved 1048576K
}
Event: 16.756 GC heap after
{Heap after GC invocations=351 (full 3):
 PSYoungGen      total 3072K, used 731K [0x00000000eab00000, 0x00000000eaf00000, 0x0000000100000000)
  eden space 2048K, 0% used [0x00000000eab00000,0x00000000eab00000,0x00000000ead00000)
  from space 1024K, 71% used [0x00000000eae00000,0x00000000eaeb6da8,0x00000000eaf00000)
  to   space 1024K, 0% used [0x00000000ead00000,0x00000000ead00000,0x00000000eae00000)
 ParOldGen       total 351232K, used 350926K [0x00000000c0000000, 0x00000000d5700000, 0x00000000eab00000)
  object space 351232K, 99% used [0x00000000c0000000,0x00000000d56b3a08,0x00000000d5700000)
 Metaspace       used 77616K, committed 79104K, reserved 1179648K
  class space    used 9217K, committed 9856K, reserved 1048576K
}
Event: 16.807 GC heap before
{Heap before GC invocations=352 (full 3):
 PSYoungGen      total 3072K, used 2773K [0x00000000eab00000, 0x00000000eaf00000, 0x0000000100000000)
  eden space 2048K, 99% used [0x00000000eab00000,0x00000000eacfe8a8,0x00000000ead00000)
  from space 1024K, 71% used [0x00000000eae00000,0x00000000eaeb6da8,0x00000000eaf00000)
  to   space 1024K, 0% used [0x00000000ead00000,0x00000000ead00000,0x00000000eae00000)
 ParOldGen       total 351232K, used 350926K [0x00000000c0000000, 0x00000000d5700000, 0x00000000eab00000)
  object space 351232K, 99% used [0x00000000c0000000,0x00000000d56b3a08,0x00000000d5700000)
 Metaspace       used 77722K, committed 79168K, reserved 1179648K
  class space    used 9223K, committed 9856K, reserved 1048576K
}
Event: 16.808 GC heap after
{Heap after GC invocations=352 (full 3):
 PSYoungGen      total 3072K, used 620K [0x00000000eab00000, 0x00000000eaf00000, 0x0000000100000000)
  eden space 2048K, 0% used [0x00000000eab00000,0x00000000eab00000,0x00000000ead00000)
  from space 1024K, 60% used [0x00000000ead00000,0x00000000ead9b1e0,0x00000000eae00000)
  to   space 1024K, 0% used [0x00000000eae00000,0x00000000eae00000,0x00000000eaf00000)
 ParOldGen       total 351744K, used 351527K [0x00000000c0000000, 0x00000000d5780000, 0x00000000eab00000)
  object space 351744K, 99% used [0x00000000c0000000,0x00000000d5749dc8,0x00000000d5780000)
 Metaspace       used 77722K, committed 79168K, reserved 1179648K
  class space    used 9223K, committed 9856K, reserved 1048576K
}

